=== maturin develop @ Thu Jun 25 01:54:48 PM EDT 2026 (rustc rustc 1.96.0 (ac68faa20 2026-05-25)) ===
📦 Including license file `LICENSE`
🍹 Building a mixed python/rust project
🐍 Found CPython 3.14 at /home/cbrd21/clawd/.venv/bin/python
🔗 Found pyo3 bindings with abi3-py3.9 support
📡 Using build options features from pyproject.toml
   Compiling sk_pgp v0.1.0 (/home/cbrd21/clawd/skcapstone-repos/sk_pgp)
warning: unused import: `openpgp::cert::prelude`
  --> src/lib.rs:26:5
   |
26 | use openpgp::cert::prelude::*;
   |     ^^^^^^^^^^^^^^^^^^^^^^
   |
   = note: `#[warn(unused_imports)]` (part of `#[warn(unused)]`) on by default

warning: `sk_pgp` (lib) generated 1 warning
    Finished `release` profile [optimized] target(s) in 2.50s
📦 Built wheel for abi3 Python ≥ 3.9 to /tmp/.tmp5ztCHd/sk_pgp-0.1.0-cp39-abi3-linux_x86_64.whl
✏️ Setting installed package as editable
🛠 Installed sk_pgp-0.1.0
=== exit=0 @ Thu Jun 25 01:54:52 PM EDT 2026 ===
